# JRE version: OpenJDK Runtime Environment (17.0.11) (build 17.0.11+0--11852314)
# Java VM: OpenJDK 64-Bit Server VM (17.0.11+0--11852314, mixed mode, tiered, compressed oops, compressed class ptrs, g1 gc, windows-amd64)
GC Precious Log:
 CPUs: 16 total, 16 available
 Memory: 23926M
 Large Page Support: Disabled
 NUMA Support: Disabled
 Compressed Oops: Enabled (32-bit)
 Heap Region Size: 1M
 Heap Min Capacity: 8M
 Heap Initial Capacity: 374M
 Heap Max Capacity: 2G
 Pre-touch: Disabled
 Parallel Workers: 13
 Concurrent Workers: 3
 Concurrent Refinement Workers: 13
 Periodic GC: Disabled
Heap:
 garbage-first heap   total 321536K, used 202219K [0x0000000080000000, 0x0000000100000000)
  region size 1024K, 4 young (4096K), 4 survivors (4096K)
 Metaspace       used 124830K, committed 125760K, reserved 1179648K
  class space    used 17095K, committed 17536K, reserved 1048576K
GC Heap History (20 events):
Event: 477.434 GC heap after
{Heap after GC invocations=42 (full 0):
 garbage-first heap   total 263168K, used 141096K [0x0000000080000000, 0x0000000100000000)
  region size 1024K, 5 young (5120K), 5 survivors (5120K)
 Metaspace       used 118567K, committed 119488K, reserved 1179648K
  class space    used 16099K, committed 16576K, reserved 1048576K
}
Event: 477.698 GC heap before
{Heap before GC invocations=42 (full 0):
 garbage-first heap   total 263168K, used 228136K [0x0000000080000000, 0x0000000100000000)
  region size 1024K, 90 young (92160K), 5 survivors (5120K)
 Metaspace       used 118567K, committed 119488K, reserved 1179648K
  class space    used 16099K, committed 16576K, reserved 1048576K
}
Event: 477.700 GC heap after
{Heap after GC invocations=43 (full 0):
 garbage-first heap   total 263168K, used 141954K [0x0000000080000000, 0x0000000100000000)
  region size 1024K, 6 young (6144K), 6 survivors (6144K)
 Metaspace       used 118567K, committed 119488K, reserved 1179648K
  class space    used 16099K, committed 16576K, reserved 1048576K
}
Event: 477.946 GC heap before
{Heap before GC invocations=43 (full 0):
 garbage-first heap   total 263168K, used 228994K [0x0000000080000000, 0x0000000100000000)
  region size 1024K, 91 young (93184K), 6 survivors (6144K)
 Metaspace       used 118567K, committed 119488K, reserved 1179648K
  class space    used 16099K, committed 16576K, reserved 1048576K
}
Event: 477.948 GC heap after
{Heap after GC invocations=44 (full 0):
 garbage-first heap   total 263168K, used 142828K [0x0000000080000000, 0x0000000100000000)
  region size 1024K, 7 young (7168K), 7 survivors (7168K)
 Metaspace       used 118567K, committed 119488K, reserved 1179648K
  class space    used 16099K, committed 16576K, reserved 1048576K
}
Event: 478.153 GC heap before
{Heap before GC invocations=44 (full 0):
 garbage-first heap   total 263168K, used 227820K [0x0000000080000000, 0x0000000100000000)
  region size 1024K, 90 young (92160K), 7 survivors (7168K)
 Metaspace       used 118567K, committed 119488K, reserved 1179648K
  class space    used 16099K, committed 16576K, reserved 1048576K
}
Event: 478.155 GC heap after
{Heap after GC invocations=45 (full 0):
 garbage-first heap   total 263168K, used 143490K [0x0000000080000000, 0x0000000100000000)
  region size 1024K, 7 young (7168K), 7 survivors (7168K)
 Metaspace       used 118567K, committed 119488K, reserved 1179648K
  class space    used 16099K, committed 16576K, reserved 1048576K
}
Event: 478.925 GC heap before
{Heap before GC invocations=45 (full 0):
 garbage-first heap   total 263168K, used 236674K [0x0000000080000000, 0x0000000100000000)
  region size 1024K, 90 young (92160K), 7 survivors (7168K)
 Metaspace       used 119775K, committed 120640K, reserved 1179648K
  class space    used 16265K, committed 16704K, reserved 1048576K
}
Event: 478.928 GC heap after
{Heap after GC invocations=46 (full 0):
 garbage-first heap   total 263168K, used 145858K [0x0000000080000000, 0x0000000100000000)
  region size 1024K, 9 young (9216K), 9 survivors (9216K)
 Metaspace       used 119775K, committed 120640K, reserved 1179648K
  class space    used 16265K, committed 16704K, reserved 1048576K
}
Event: 479.065 GC heap before
{Heap before GC invocations=46 (full 0):
 garbage-first heap   total 263168K, used 223682K [0x0000000080000000, 0x0000000100000000)
  region size 1024K, 86 young (88064K), 9 survivors (9216K)
 Metaspace       used 120664K, committed 121536K, reserved 1179648K
  class space    used 16387K, committed 16832K, reserved 1048576K
}
Event: 479.070 GC heap after
{Heap after GC invocations=47 (full 0):
 garbage-first heap   total 263168K, used 160338K [0x0000000080000000, 0x0000000100000000)
  region size 1024K, 11 young (11264K), 11 survivors (11264K)
 Metaspace       used 120664K, committed 121536K, reserved 1179648K
  class space    used 16387K, committed 16832K, reserved 1048576K
}
Event: 479.206 GC heap before
{Heap before GC invocations=47 (full 0):
 garbage-first heap   total 263168K, used 217682K [0x0000000080000000, 0x0000000100000000)
  region size 1024K, 68 young (69632K), 11 survivors (11264K)
 Metaspace       used 121943K, committed 122880K, reserved 1179648K
  class space    used 16613K, committed 17088K, reserved 1048576K
}
Event: 479.210 GC heap after
{Heap after GC invocations=48 (full 0):
 garbage-first heap   total 263168K, used 171646K [0x0000000080000000, 0x0000000100000000)
  region size 1024K, 9 young (9216K), 9 survivors (9216K)
 Metaspace       used 121943K, committed 122880K, reserved 1179648K
  class space    used 16613K, committed 17088K, reserved 1048576K
}
Event: 479.361 GC heap before
{Heap before GC invocations=48 (full 0):
 garbage-first heap   total 263168K, used 217726K [0x0000000080000000, 0x0000000100000000)
  region size 1024K, 55 young (56320K), 9 survivors (9216K)
 Metaspace       used 124232K, committed 125184K, reserved 1179648K
  class space    used 17031K, committed 17472K, reserved 1048576K
}
Event: 479.365 GC heap after
{Heap after GC invocations=49 (full 0):
 garbage-first heap   total 263168K, used 179891K [0x0000000080000000, 0x0000000100000000)
  region size 1024K, 7 young (7168K), 7 survivors (7168K)
 Metaspace       used 124232K, committed 125184K, reserved 1179648K
  class space    used 17031K, committed 17472K, reserved 1048576K
}
Event: 479.406 GC heap before
{Heap before GC invocations=49 (full 0):
 garbage-first heap   total 263168K, used 219827K [0x0000000080000000, 0x0000000100000000)
  region size 1024K, 46 young (47104K), 7 survivors (7168K)
 Metaspace       used 124646K, committed 125568K, reserved 1179648K
  class space    used 17070K, committed 17536K, reserved 1048576K
}
Event: 479.411 GC heap after
{Heap after GC invocations=50 (full 0):
 garbage-first heap   total 263168K, used 188298K [0x0000000080000000, 0x0000000100000000)
  region size 1024K, 6 young (6144K), 6 survivors (6144K)
 Metaspace       used 124646K, committed 125568K, reserved 1179648K
  class space    used 17070K, committed 17536K, reserved 1048576K
}
Event: 479.437 GC heap before
{Heap before GC invocations=50 (full 0):
 garbage-first heap   total 263168K, used 221066K [0x0000000080000000, 0x0000000100000000)
  region size 1024K, 38 young (38912K), 6 survivors (6144K)
 Metaspace       used 124668K, committed 125632K, reserved 1179648K
  class space    used 17075K, committed 17536K, reserved 1048576K
}
Event: 479.442 GC heap after
{Heap after GC invocations=51 (full 0):
 garbage-first heap   total 263168K, used 195962K [0x0000000080000000, 0x0000000100000000)
  region size 1024K, 5 young (5120K), 5 survivors (5120K)
 Metaspace       used 124668K, committed 125632K, reserved 1179648K
  class space    used 17075K, committed 17536K, reserved 1048576K
}
Event: 479.480 GC heap before
{Heap before GC invocations=51 (full 0):
 garbage-first heap   total 263168K, used 222586K [0x0000000080000000, 0x0000000100000000)
  region size 1024K, 31 young (31744K), 5 survivors (5120K)
 Metaspace       used 124830K, committed 125760K, reserved 1179648K
  class space    used 17095K, committed 17536K, reserved 1048576K
}

